INFO - 2024-08-17 00:25:27 --> Session: Class initialized using 'CodeIgniter\Session\Handlers\FileHandler' driver.
INFO - 2024-08-17 01:08:33 --> Session: Class initialized using 'CodeIgniter\Session\Handlers\FileHandler' driver.
INFO - 2024-08-17 01:14:43 --> Session: Class initialized using 'CodeIgniter\Session\Handlers\FileHandler' driver.
INFO - 2024-08-17 01:15:08 --> Session: Class initialized using 'CodeIgniter\Session\Handlers\FileHandler' driver.
INFO - 2024-08-17 01:15:24 --> Session: Class initialized using 'CodeIgniter\Session\Handlers\FileHandler' driver.
INFO - 2024-08-17 01:15:35 --> Session: Class initialized using 'CodeIgniter\Session\Handlers\FileHandler' driver.
INFO - 2024-08-17 01:15:45 --> Session: Class initialized using 'CodeIgniter\Session\Handlers\FileHandler' driver.
INFO - 2024-08-17 01:15:56 --> Session: Class initialized using 'CodeIgniter\Session\Handlers\FileHandler' driver.
INFO - 2024-08-17 01:15:57 --> Session: Class initialized using 'CodeIgniter\Session\Handlers\FileHandler' driver.
INFO - 2024-08-17 01:16:11 --> Session: Class initialized using 'CodeIgniter\Session\Handlers\FileHandler' driver.
INFO - 2024-08-17 01:23:21 --> CSRF token verified.
INFO - 2024-08-17 01:23:21 --> Session: Class initialized using 'CodeIgniter\Session\Handlers\FileHandler' driver.
INFO - 2024-08-17 01:23:26 --> CSRF token verified.
INFO - 2024-08-17 01:23:26 --> Session: Class initialized using 'CodeIgniter\Session\Handlers\FileHandler' driver.
INFO - 2024-08-17 01:26:37 --> CSRF token verified.
INFO - 2024-08-17 01:26:37 --> Session: Class initialized using 'CodeIgniter\Session\Handlers\FileHandler' driver.
CRITICAL - 2024-08-17 01:26:40 --> CodeIgniter\Security\Exceptions\SecurityException: The action you requested is not allowed.
[Method: POST, Route: news]
in SYSTEMPATH/Security/Security.php on line 262.
 1 SYSTEMPATH/Security/Security.php(262): CodeIgniter\Security\Exceptions\SecurityException::forDisallowedAction()
 2 SYSTEMPATH/Filters/CSRF.php(57): CodeIgniter\Security\Security->verify(Object(CodeIgniter\HTTP\IncomingRequest))
 3 SYSTEMPATH/Filters/Filters.php(203): CodeIgniter\Filters\CSRF->before(Object(CodeIgniter\HTTP\IncomingRequest), null)
 4 SYSTEMPATH/Filters/Filters.php(184): CodeIgniter\Filters\Filters->runBefore([...])
 5 SYSTEMPATH/CodeIgniter.php(481): CodeIgniter\Filters\Filters->run('news', 'before')
 6 SYSTEMPATH/CodeIgniter.php(355): CodeIgniter\CodeIgniter->handleRequest(null, Object(Config\Cache), false)
 7 SYSTEMPATH/Boot.php(325): CodeIgniter\CodeIgniter->run()
 8 SYSTEMPATH/Boot.php(67): CodeIgniter\Boot::runCodeIgniter(Object(CodeIgniter\CodeIgniter))
 9 FCPATH/index.php(56): CodeIgniter\Boot::bootWeb(Object(Config\Paths))
CRITICAL - 2024-08-17 01:31:55 --> CodeIgniter\Security\Exceptions\SecurityException: The action you requested is not allowed.
[Method: POST, Route: news]
in SYSTEMPATH/Security/Security.php on line 262.
 1 SYSTEMPATH/Security/Security.php(262): CodeIgniter\Security\Exceptions\SecurityException::forDisallowedAction()
 2 SYSTEMPATH/Filters/CSRF.php(57): CodeIgniter\Security\Security->verify(Object(CodeIgniter\HTTP\IncomingRequest))
 3 SYSTEMPATH/Filters/Filters.php(203): CodeIgniter\Filters\CSRF->before(Object(CodeIgniter\HTTP\IncomingRequest), null)
 4 SYSTEMPATH/Filters/Filters.php(184): CodeIgniter\Filters\Filters->runBefore([...])
 5 SYSTEMPATH/CodeIgniter.php(481): CodeIgniter\Filters\Filters->run('news', 'before')
 6 SYSTEMPATH/CodeIgniter.php(355): CodeIgniter\CodeIgniter->handleRequest(null, Object(Config\Cache), false)
 7 SYSTEMPATH/Boot.php(325): CodeIgniter\CodeIgniter->run()
 8 SYSTEMPATH/Boot.php(67): CodeIgniter\Boot::runCodeIgniter(Object(CodeIgniter\CodeIgniter))
 9 FCPATH/index.php(56): CodeIgniter\Boot::bootWeb(Object(Config\Paths))
CRITICAL - 2024-08-17 01:33:09 --> ParseError: syntax error, unexpected token ">"
[Method: GET, Route: news]
in APPPATH/Views/news/index.php on line 11.
 1 SYSTEMPATH/View/View.php(237): CodeIgniter\View\View->CodeIgniter\View\{closure}()
 2 SYSTEMPATH/Common.php(1169): CodeIgniter\View\View->render('news/index', [], true)
 3 APPPATH/Controllers/News.php(20): view('news/index')
 4 SYSTEMPATH/CodeIgniter.php(933): App\Controllers\News->index()
 5 SYSTEMPATH/CodeIgniter.php(509): CodeIgniter\CodeIgniter->runController(Object(App\Controllers\News))
 6 SYSTEMPATH/CodeIgniter.php(355): CodeIgniter\CodeIgniter->handleRequest(null, Object(Config\Cache), false)
 7 SYSTEMPATH/Boot.php(325): CodeIgniter\CodeIgniter->run()
 8 SYSTEMPATH/Boot.php(67): CodeIgniter\Boot::runCodeIgniter(Object(CodeIgniter\CodeIgniter))
 9 FCPATH/index.php(56): CodeIgniter\Boot::bootWeb(Object(Config\Paths))
CRITICAL - 2024-08-17 01:33:42 --> CodeIgniter\Security\Exceptions\SecurityException: The action you requested is not allowed.
[Method: POST, Route: news]
in SYSTEMPATH/Security/Security.php on line 262.
 1 SYSTEMPATH/Security/Security.php(262): CodeIgniter\Security\Exceptions\SecurityException::forDisallowedAction()
 2 SYSTEMPATH/Filters/CSRF.php(57): CodeIgniter\Security\Security->verify(Object(CodeIgniter\HTTP\IncomingRequest))
 3 SYSTEMPATH/Filters/Filters.php(203): CodeIgniter\Filters\CSRF->before(Object(CodeIgniter\HTTP\IncomingRequest), null)
 4 SYSTEMPATH/Filters/Filters.php(184): CodeIgniter\Filters\Filters->runBefore([...])
 5 SYSTEMPATH/CodeIgniter.php(481): CodeIgniter\Filters\Filters->run('news', 'before')
 6 SYSTEMPATH/CodeIgniter.php(355): CodeIgniter\CodeIgniter->handleRequest(null, Object(Config\Cache), false)
 7 SYSTEMPATH/Boot.php(325): CodeIgniter\CodeIgniter->run()
 8 SYSTEMPATH/Boot.php(67): CodeIgniter\Boot::runCodeIgniter(Object(CodeIgniter\CodeIgniter))
 9 FCPATH/index.php(56): CodeIgniter\Boot::bootWeb(Object(Config\Paths))
INFO - 2024-08-17 01:37:37 --> Session: Class initialized using 'CodeIgniter\Session\Handlers\FileHandler' driver.
INFO - 2024-08-17 01:37:54 --> CSRF token verified.
INFO - 2024-08-17 01:37:54 --> Session: Class initialized using 'CodeIgniter\Session\Handlers\FileHandler' driver.
INFO - 2024-08-17 01:37:58 --> CSRF token verified.
INFO - 2024-08-17 01:37:58 --> Session: Class initialized using 'CodeIgniter\Session\Handlers\FileHandler' driver.
INFO - 2024-08-17 01:37:58 --> CSRF token verified.
INFO - 2024-08-17 01:37:58 --> Session: Class initialized using 'CodeIgniter\Session\Handlers\FileHandler' driver.
INFO - 2024-08-17 01:37:59 --> CSRF token verified.
INFO - 2024-08-17 01:37:59 --> Session: Class initialized using 'CodeIgniter\Session\Handlers\FileHandler' driver.
INFO - 2024-08-17 01:37:59 --> CSRF token verified.
INFO - 2024-08-17 01:37:59 --> Session: Class initialized using 'CodeIgniter\Session\Handlers\FileHandler' driver.
CRITICAL - 2024-08-17 01:41:19 --> CodeIgniter\Security\Exceptions\SecurityException: The action you requested is not allowed.
[Method: POST, Route: news]
in SYSTEMPATH/Security/Security.php on line 262.
 1 SYSTEMPATH/Security/Security.php(262): CodeIgniter\Security\Exceptions\SecurityException::forDisallowedAction()
 2 SYSTEMPATH/Filters/CSRF.php(57): CodeIgniter\Security\Security->verify(Object(CodeIgniter\HTTP\IncomingRequest))
 3 SYSTEMPATH/Filters/Filters.php(203): CodeIgniter\Filters\CSRF->before(Object(CodeIgniter\HTTP\IncomingRequest), null)
 4 SYSTEMPATH/Filters/Filters.php(184): CodeIgniter\Filters\Filters->runBefore([...])
 5 SYSTEMPATH/CodeIgniter.php(481): CodeIgniter\Filters\Filters->run('news', 'before')
 6 SYSTEMPATH/CodeIgniter.php(355): CodeIgniter\CodeIgniter->handleRequest(null, Object(Config\Cache), false)
 7 SYSTEMPATH/Boot.php(325): CodeIgniter\CodeIgniter->run()
 8 SYSTEMPATH/Boot.php(67): CodeIgniter\Boot::runCodeIgniter(Object(CodeIgniter\CodeIgniter))
 9 FCPATH/index.php(56): CodeIgniter\Boot::bootWeb(Object(Config\Paths))
INFO - 2024-08-17 01:43:06 --> Session: Class initialized using 'CodeIgniter\Session\Handlers\FileHandler' driver.
INFO - 2024-08-17 01:43:08 --> CSRF token verified.
INFO - 2024-08-17 01:43:08 --> Session: Class initialized using 'CodeIgniter\Session\Handlers\FileHandler' driver.
INFO - 2024-08-17 01:47:59 --> CSRF token verified.
INFO - 2024-08-17 01:47:59 --> Session: Class initialized using 'CodeIgniter\Session\Handlers\FileHandler' driver.
INFO - 2024-08-17 01:48:31 --> CSRF token verified.
CRITICAL - 2024-08-17 01:48:31 --> ErrorException: Undefined array key "author"
[Method: POST, Route: news]
in APPPATH/Controllers/News.php on line 74.
 1 APPPATH/Controllers/News.php(74): CodeIgniter\Debug\Exceptions->errorHandler(2, 'Undefined array key "author"', '/var/www/public_html/ci4/app/Controllers/News.php', 74)
 2 SYSTEMPATH/CodeIgniter.php(933): App\Controllers\News->create()
 3 SYSTEMPATH/CodeIgniter.php(509): CodeIgniter\CodeIgniter->runController(Object(App\Controllers\News))
 4 SYSTEMPATH/CodeIgniter.php(355): CodeIgniter\CodeIgniter->handleRequest(null, Object(Config\Cache), false)
 5 SYSTEMPATH/Boot.php(325): CodeIgniter\CodeIgniter->run()
 6 SYSTEMPATH/Boot.php(67): CodeIgniter\Boot::runCodeIgniter(Object(CodeIgniter\CodeIgniter))
 7 FCPATH/index.php(56): CodeIgniter\Boot::bootWeb(Object(Config\Paths))
CRITICAL - 2024-08-17 01:52:09 --> CodeIgniter\Security\Exceptions\SecurityException: The action you requested is not allowed.
[Method: POST, Route: news]
in SYSTEMPATH/Security/Security.php on line 262.
 1 SYSTEMPATH/Security/Security.php(262): CodeIgniter\Security\Exceptions\SecurityException::forDisallowedAction()
 2 SYSTEMPATH/Filters/CSRF.php(57): CodeIgniter\Security\Security->verify(Object(CodeIgniter\HTTP\IncomingRequest))
 3 SYSTEMPATH/Filters/Filters.php(203): CodeIgniter\Filters\CSRF->before(Object(CodeIgniter\HTTP\IncomingRequest), null)
 4 SYSTEMPATH/Filters/Filters.php(184): CodeIgniter\Filters\Filters->runBefore([...])
 5 SYSTEMPATH/CodeIgniter.php(481): CodeIgniter\Filters\Filters->run('news', 'before')
 6 SYSTEMPATH/CodeIgniter.php(355): CodeIgniter\CodeIgniter->handleRequest(null, Object(Config\Cache), false)
 7 SYSTEMPATH/Boot.php(325): CodeIgniter\CodeIgniter->run()
 8 SYSTEMPATH/Boot.php(67): CodeIgniter\Boot::runCodeIgniter(Object(CodeIgniter\CodeIgniter))
 9 FCPATH/index.php(56): CodeIgniter\Boot::bootWeb(Object(Config\Paths))
INFO - 2024-08-17 01:52:13 --> Session: Class initialized using 'CodeIgniter\Session\Handlers\FileHandler' driver.
WARNING - 2024-08-17 01:56:12 --> [DEPRECATED] Creation of dynamic property CodeIgniter\Security\Security::$request is deprecated in SYSTEMPATH/Security/Security.php on line 209.
 1 SYSTEMPATH/Config/Services.php(657): CodeIgniter\Security\Security->__construct(Object(Config\Security))
 2 SYSTEMPATH/Config/BaseService.php(312): CodeIgniter\Config\Services::security(Object(Config\Security), false)
 3 SYSTEMPATH/Config/BaseService.php(251): CodeIgniter\Config\BaseService::__callStatic('security', [...])
 4 SYSTEMPATH/Config/Services.php(652): CodeIgniter\Config\BaseService::getSharedInstance('security', null)
 5 SYSTEMPATH/Config/BaseService.php(321): CodeIgniter\Config\Services::security()
 6 SYSTEMPATH/Config/BaseService.php(202): CodeIgniter\Config\BaseService::__callStatic('security', [])
 7 SYSTEMPATH/Common.php(996): CodeIgniter\Config\BaseService::get('security')
 8 SYSTEMPATH/Filters/CSRF.php(54): service('security')
 9 SYSTEMPATH/Filters/Filters.php(203): CodeIgniter\Filters\CSRF->before(Object(CodeIgniter\HTTP\IncomingRequest), null)
10 SYSTEMPATH/Filters/Filters.php(184): CodeIgniter\Filters\Filters->runBefore([...])
11 SYSTEMPATH/CodeIgniter.php(481): CodeIgniter\Filters\Filters->run('news', 'before')
12 SYSTEMPATH/CodeIgniter.php(355): CodeIgniter\CodeIgniter->handleRequest(null, Object(Config\Cache), false)
13 SYSTEMPATH/Boot.php(325): CodeIgniter\CodeIgniter->run()
14 SYSTEMPATH/Boot.php(67): CodeIgniter\Boot::runCodeIgniter(Object(CodeIgniter\CodeIgniter))
15 FCPATH/index.php(56): CodeIgniter\Boot::bootWeb(Object(Config\Paths))
INFO - 2024-08-17 01:56:12 --> CSRF token verified.
INFO - 2024-08-17 01:56:12 --> Session: Class initialized using 'CodeIgniter\Session\Handlers\FileHandler' driver.
WARNING - 2024-08-17 01:56:13 --> [DEPRECATED] Creation of dynamic property CodeIgniter\Security\Security::$request is deprecated in SYSTEMPATH/Security/Security.php on line 209.
 1 SYSTEMPATH/Config/Services.php(657): CodeIgniter\Security\Security->__construct(Object(Config\Security))
 2 SYSTEMPATH/Config/BaseService.php(312): CodeIgniter\Config\Services::security(Object(Config\Security), false)
 3 SYSTEMPATH/Config/BaseService.php(251): CodeIgniter\Config\BaseService::__callStatic('security', [...])
 4 SYSTEMPATH/Config/Services.php(652): CodeIgniter\Config\BaseService::getSharedInstance('security', null)
 5 SYSTEMPATH/Config/BaseService.php(321): CodeIgniter\Config\Services::security()
 6 SYSTEMPATH/Config/BaseService.php(202): CodeIgniter\Config\BaseService::__callStatic('security', [])
 7 SYSTEMPATH/Common.php(996): CodeIgniter\Config\BaseService::get('security')
 8 SYSTEMPATH/Helpers/security_helper.php(22): service('security')
 9 SYSTEMPATH/Debug/Toolbar.php(492): sanitize_filename('debugbar_1723859772.693707')
10 APPPATH/Config/Events.php(47): CodeIgniter\Debug\Toolbar->respond()
11 SYSTEMPATH/Events/Events.php(155): CodeIgniter\Events\Events::Config\{closure}()
12 SYSTEMPATH/CodeIgniter.php(340): CodeIgniter\Events\Events::trigger('pre_system')
13 SYSTEMPATH/Boot.php(325): CodeIgniter\CodeIgniter->run()
14 SYSTEMPATH/Boot.php(67): CodeIgniter\Boot::runCodeIgniter(Object(CodeIgniter\CodeIgniter))
15 FCPATH/index.php(56): CodeIgniter\Boot::bootWeb(Object(Config\Paths))
WARNING - 2024-08-17 01:56:37 --> [DEPRECATED] Creation of dynamic property CodeIgniter\Security\Security::$request is deprecated in SYSTEMPATH/Security/Security.php on line 209.
 1 SYSTEMPATH/Config/Services.php(657): CodeIgniter\Security\Security->__construct(Object(Config\Security))
 2 SYSTEMPATH/Config/BaseService.php(312): CodeIgniter\Config\Services::security(Object(Config\Security), false)
 3 SYSTEMPATH/Config/BaseService.php(251): CodeIgniter\Config\BaseService::__callStatic('security', [...])
 4 SYSTEMPATH/Config/Services.php(652): CodeIgniter\Config\BaseService::getSharedInstance('security', null)
 5 SYSTEMPATH/Config/BaseService.php(321): CodeIgniter\Config\Services::security()
 6 SYSTEMPATH/Config/BaseService.php(202): CodeIgniter\Config\BaseService::__callStatic('security', [])
 7 SYSTEMPATH/Common.php(996): CodeIgniter\Config\BaseService::get('security')
 8 SYSTEMPATH/Helpers/security_helper.php(22): service('security')
 9 SYSTEMPATH/Debug/Toolbar.php(492): sanitize_filename('debugbar_1723859797.022925')
10 APPPATH/Config/Events.php(47): CodeIgniter\Debug\Toolbar->respond()
11 SYSTEMPATH/Events/Events.php(155): CodeIgniter\Events\Events::Config\{closure}()
12 SYSTEMPATH/CodeIgniter.php(340): CodeIgniter\Events\Events::trigger('pre_system')
13 SYSTEMPATH/Boot.php(325): CodeIgniter\CodeIgniter->run()
14 SYSTEMPATH/Boot.php(67): CodeIgniter\Boot::runCodeIgniter(Object(CodeIgniter\CodeIgniter))
15 FCPATH/index.php(56): CodeIgniter\Boot::bootWeb(Object(Config\Paths))
INFO - 2024-08-17 01:56:41 --> Session: Class initialized using 'CodeIgniter\Session\Handlers\FileHandler' driver.
WARNING - 2024-08-17 01:56:41 --> [DEPRECATED] Creation of dynamic property CodeIgniter\Security\Security::$request is deprecated in SYSTEMPATH/Security/Security.php on line 209.
 1 SYSTEMPATH/Config/Services.php(657): CodeIgniter\Security\Security->__construct(Object(Config\Security))
 2 SYSTEMPATH/Config/BaseService.php(312): CodeIgniter\Config\Services::security(Object(Config\Security), false)
 3 SYSTEMPATH/Config/BaseService.php(251): CodeIgniter\Config\BaseService::__callStatic('security', [...])
 4 SYSTEMPATH/Config/Services.php(652): CodeIgniter\Config\BaseService::getSharedInstance('security', null)
 5 SYSTEMPATH/Config/BaseService.php(321): CodeIgniter\Config\Services::security()
 6 SYSTEMPATH/Config/BaseService.php(202): CodeIgniter\Config\BaseService::__callStatic('security', [])
 7 SYSTEMPATH/Common.php(996): CodeIgniter\Config\BaseService::get('security')
 8 SYSTEMPATH/Common.php(255): service('security')
 9 SYSTEMPATH/Common.php(291): csrf_token()
10 APPPATH/Views/news/create.php(7): csrf_field()
11 SYSTEMPATH/View/View.php(234): include('/var/www/public_html/ci4/app/Views/news/create.php')
12 SYSTEMPATH/View/View.php(237): CodeIgniter\View\View->CodeIgniter\View\{closure}()
13 SYSTEMPATH/Common.php(1169): CodeIgniter\View\View->render('news/create', [], true)
14 APPPATH/Controllers/News.php(46): view('news/create')
15 SYSTEMPATH/CodeIgniter.php(933): App\Controllers\News->new()
16 SYSTEMPATH/CodeIgniter.php(509): CodeIgniter\CodeIgniter->runController(Object(App\Controllers\News))
17 SYSTEMPATH/CodeIgniter.php(355): CodeIgniter\CodeIgniter->handleRequest(null, Object(Config\Cache), false)
18 SYSTEMPATH/Boot.php(325): CodeIgniter\CodeIgniter->run()
19 SYSTEMPATH/Boot.php(67): CodeIgniter\Boot::runCodeIgniter(Object(CodeIgniter\CodeIgniter))
20 FCPATH/index.php(56): CodeIgniter\Boot::bootWeb(Object(Config\Paths))
WARNING - 2024-08-17 01:56:42 --> [DEPRECATED] Creation of dynamic property CodeIgniter\Security\Security::$request is deprecated in SYSTEMPATH/Security/Security.php on line 209.
 1 SYSTEMPATH/Config/Services.php(657): CodeIgniter\Security\Security->__construct(Object(Config\Security))
 2 SYSTEMPATH/Config/BaseService.php(312): CodeIgniter\Config\Services::security(Object(Config\Security), false)
 3 SYSTEMPATH/Config/BaseService.php(251): CodeIgniter\Config\BaseService::__callStatic('security', [...])
 4 SYSTEMPATH/Config/Services.php(652): CodeIgniter\Config\BaseService::getSharedInstance('security', null)
 5 SYSTEMPATH/Config/BaseService.php(321): CodeIgniter\Config\Services::security()
 6 SYSTEMPATH/Config/BaseService.php(202): CodeIgniter\Config\BaseService::__callStatic('security', [])
 7 SYSTEMPATH/Common.php(996): CodeIgniter\Config\BaseService::get('security')
 8 SYSTEMPATH/Helpers/security_helper.php(22): service('security')
 9 SYSTEMPATH/Debug/Toolbar.php(492): sanitize_filename('debugbar_1723859801.852279')
10 APPPATH/Config/Events.php(47): CodeIgniter\Debug\Toolbar->respond()
11 SYSTEMPATH/Events/Events.php(155): CodeIgniter\Events\Events::Config\{closure}()
12 SYSTEMPATH/CodeIgniter.php(340): CodeIgniter\Events\Events::trigger('pre_system')
13 SYSTEMPATH/Boot.php(325): CodeIgniter\CodeIgniter->run()
14 SYSTEMPATH/Boot.php(67): CodeIgniter\Boot::runCodeIgniter(Object(CodeIgniter\CodeIgniter))
15 FCPATH/index.php(56): CodeIgniter\Boot::bootWeb(Object(Config\Paths))
INFO - 2024-08-17 01:56:44 --> Session: Class initialized using 'CodeIgniter\Session\Handlers\FileHandler' driver.
WARNING - 2024-08-17 01:56:45 --> [DEPRECATED] Creation of dynamic property CodeIgniter\Security\Security::$request is deprecated in SYSTEMPATH/Security/Security.php on line 209.
 1 SYSTEMPATH/Config/Services.php(657): CodeIgniter\Security\Security->__construct(Object(Config\Security))
 2 SYSTEMPATH/Config/BaseService.php(312): CodeIgniter\Config\Services::security(Object(Config\Security), false)
 3 SYSTEMPATH/Config/BaseService.php(251): CodeIgniter\Config\BaseService::__callStatic('security', [...])
 4 SYSTEMPATH/Config/Services.php(652): CodeIgniter\Config\BaseService::getSharedInstance('security', null)
 5 SYSTEMPATH/Config/BaseService.php(321): CodeIgniter\Config\Services::security()
 6 SYSTEMPATH/Config/BaseService.php(202): CodeIgniter\Config\BaseService::__callStatic('security', [])
 7 SYSTEMPATH/Common.php(996): CodeIgniter\Config\BaseService::get('security')
 8 SYSTEMPATH/Common.php(255): service('security')
 9 SYSTEMPATH/Common.php(291): csrf_token()
10 APPPATH/Views/news/create.php(7): csrf_field()
11 SYSTEMPATH/View/View.php(234): include('/var/www/public_html/ci4/app/Views/news/create.php')
12 SYSTEMPATH/View/View.php(237): CodeIgniter\View\View->CodeIgniter\View\{closure}()
13 SYSTEMPATH/Common.php(1169): CodeIgniter\View\View->render('news/create', [], true)
14 APPPATH/Controllers/News.php(46): view('news/create')
15 SYSTEMPATH/CodeIgniter.php(933): App\Controllers\News->new()
16 SYSTEMPATH/CodeIgniter.php(509): CodeIgniter\CodeIgniter->runController(Object(App\Controllers\News))
17 SYSTEMPATH/CodeIgniter.php(355): CodeIgniter\CodeIgniter->handleRequest(null, Object(Config\Cache), false)
18 SYSTEMPATH/Boot.php(325): CodeIgniter\CodeIgniter->run()
19 SYSTEMPATH/Boot.php(67): CodeIgniter\Boot::runCodeIgniter(Object(CodeIgniter\CodeIgniter))
20 FCPATH/index.php(56): CodeIgniter\Boot::bootWeb(Object(Config\Paths))
WARNING - 2024-08-17 01:56:45 --> [DEPRECATED] Creation of dynamic property CodeIgniter\Security\Security::$request is deprecated in SYSTEMPATH/Security/Security.php on line 209.
 1 SYSTEMPATH/Config/Services.php(657): CodeIgniter\Security\Security->__construct(Object(Config\Security))
 2 SYSTEMPATH/Config/BaseService.php(312): CodeIgniter\Config\Services::security(Object(Config\Security), false)
 3 SYSTEMPATH/Config/BaseService.php(251): CodeIgniter\Config\BaseService::__callStatic('security', [...])
 4 SYSTEMPATH/Config/Services.php(652): CodeIgniter\Config\BaseService::getSharedInstance('security', null)
 5 SYSTEMPATH/Config/BaseService.php(321): CodeIgniter\Config\Services::security()
 6 SYSTEMPATH/Config/BaseService.php(202): CodeIgniter\Config\BaseService::__callStatic('security', [])
 7 SYSTEMPATH/Common.php(996): CodeIgniter\Config\BaseService::get('security')
 8 SYSTEMPATH/Helpers/security_helper.php(22): service('security')
 9 SYSTEMPATH/Debug/Toolbar.php(492): sanitize_filename('debugbar_1723859805.004259')
10 APPPATH/Config/Events.php(47): CodeIgniter\Debug\Toolbar->respond()
11 SYSTEMPATH/Events/Events.php(155): CodeIgniter\Events\Events::Config\{closure}()
12 SYSTEMPATH/CodeIgniter.php(340): CodeIgniter\Events\Events::trigger('pre_system')
13 SYSTEMPATH/Boot.php(325): CodeIgniter\CodeIgniter->run()
14 SYSTEMPATH/Boot.php(67): CodeIgniter\Boot::runCodeIgniter(Object(CodeIgniter\CodeIgniter))
15 FCPATH/index.php(56): CodeIgniter\Boot::bootWeb(Object(Config\Paths))
WARNING - 2024-08-17 01:56:49 --> [DEPRECATED] Creation of dynamic property CodeIgniter\Security\Security::$request is deprecated in SYSTEMPATH/Security/Security.php on line 209.
 1 SYSTEMPATH/Config/Services.php(657): CodeIgniter\Security\Security->__construct(Object(Config\Security))
 2 SYSTEMPATH/Config/BaseService.php(312): CodeIgniter\Config\Services::security(Object(Config\Security), false)
 3 SYSTEMPATH/Config/BaseService.php(251): CodeIgniter\Config\BaseService::__callStatic('security', [...])
 4 SYSTEMPATH/Config/Services.php(652): CodeIgniter\Config\BaseService::getSharedInstance('security', null)
 5 SYSTEMPATH/Config/BaseService.php(321): CodeIgniter\Config\Services::security()
 6 SYSTEMPATH/Config/BaseService.php(202): CodeIgniter\Config\BaseService::__callStatic('security', [])
 7 SYSTEMPATH/Common.php(996): CodeIgniter\Config\BaseService::get('security')
 8 SYSTEMPATH/Filters/CSRF.php(54): service('security')
 9 SYSTEMPATH/Filters/Filters.php(203): CodeIgniter\Filters\CSRF->before(Object(CodeIgniter\HTTP\IncomingRequest), null)
10 SYSTEMPATH/Filters/Filters.php(184): CodeIgniter\Filters\Filters->runBefore([...])
11 SYSTEMPATH/CodeIgniter.php(481): CodeIgniter\Filters\Filters->run('news', 'before')
12 SYSTEMPATH/CodeIgniter.php(355): CodeIgniter\CodeIgniter->handleRequest(null, Object(Config\Cache), false)
13 SYSTEMPATH/Boot.php(325): CodeIgniter\CodeIgniter->run()
14 SYSTEMPATH/Boot.php(67): CodeIgniter\Boot::runCodeIgniter(Object(CodeIgniter\CodeIgniter))
15 FCPATH/index.php(56): CodeIgniter\Boot::bootWeb(Object(Config\Paths))
INFO - 2024-08-17 01:56:49 --> CSRF token verified.
INFO - 2024-08-17 01:56:49 --> Session: Class initialized using 'CodeIgniter\Session\Handlers\FileHandler' driver.
WARNING - 2024-08-17 01:56:49 --> [DEPRECATED] Creation of dynamic property CodeIgniter\Security\Security::$request is deprecated in SYSTEMPATH/Security/Security.php on line 209.
 1 SYSTEMPATH/Config/Services.php(657): CodeIgniter\Security\Security->__construct(Object(Config\Security))
 2 SYSTEMPATH/Config/BaseService.php(312): CodeIgniter\Config\Services::security(Object(Config\Security), false)
 3 SYSTEMPATH/Config/BaseService.php(251): CodeIgniter\Config\BaseService::__callStatic('security', [...])
 4 SYSTEMPATH/Config/Services.php(652): CodeIgniter\Config\BaseService::getSharedInstance('security', null)
 5 SYSTEMPATH/Config/BaseService.php(321): CodeIgniter\Config\Services::security()
 6 SYSTEMPATH/Config/BaseService.php(202): CodeIgniter\Config\BaseService::__callStatic('security', [])
 7 SYSTEMPATH/Common.php(996): CodeIgniter\Config\BaseService::get('security')
 8 SYSTEMPATH/Helpers/security_helper.php(22): service('security')
 9 SYSTEMPATH/Debug/Toolbar.php(492): sanitize_filename('debugbar_1723859809.436469')
10 APPPATH/Config/Events.php(47): CodeIgniter\Debug\Toolbar->respond()
11 SYSTEMPATH/Events/Events.php(155): CodeIgniter\Events\Events::Config\{closure}()
12 SYSTEMPATH/CodeIgniter.php(340): CodeIgniter\Events\Events::trigger('pre_system')
13 SYSTEMPATH/Boot.php(325): CodeIgniter\CodeIgniter->run()
14 SYSTEMPATH/Boot.php(67): CodeIgniter\Boot::runCodeIgniter(Object(CodeIgniter\CodeIgniter))
15 FCPATH/index.php(56): CodeIgniter\Boot::bootWeb(Object(Config\Paths))
WARNING - 2024-08-17 01:56:52 --> [DEPRECATED] Creation of dynamic property CodeIgniter\Security\Security::$request is deprecated in SYSTEMPATH/Security/Security.php on line 209.
 1 SYSTEMPATH/Config/Services.php(657): CodeIgniter\Security\Security->__construct(Object(Config\Security))
 2 SYSTEMPATH/Config/BaseService.php(312): CodeIgniter\Config\Services::security(Object(Config\Security), false)
 3 SYSTEMPATH/Config/BaseService.php(251): CodeIgniter\Config\BaseService::__callStatic('security', [...])
 4 SYSTEMPATH/Config/Services.php(652): CodeIgniter\Config\BaseService::getSharedInstance('security', null)
 5 SYSTEMPATH/Config/BaseService.php(321): CodeIgniter\Config\Services::security()
 6 SYSTEMPATH/Config/BaseService.php(202): CodeIgniter\Config\BaseService::__callStatic('security', [])
 7 SYSTEMPATH/Common.php(996): CodeIgniter\Config\BaseService::get('security')
 8 SYSTEMPATH/Filters/CSRF.php(54): service('security')
 9 SYSTEMPATH/Filters/Filters.php(203): CodeIgniter\Filters\CSRF->before(Object(CodeIgniter\HTTP\IncomingRequest), null)
10 SYSTEMPATH/Filters/Filters.php(184): CodeIgniter\Filters\Filters->runBefore([...])
11 SYSTEMPATH/CodeIgniter.php(481): CodeIgniter\Filters\Filters->run('news', 'before')
12 SYSTEMPATH/CodeIgniter.php(355): CodeIgniter\CodeIgniter->handleRequest(null, Object(Config\Cache), false)
13 SYSTEMPATH/Boot.php(325): CodeIgniter\CodeIgniter->run()
14 SYSTEMPATH/Boot.php(67): CodeIgniter\Boot::runCodeIgniter(Object(CodeIgniter\CodeIgniter))
15 FCPATH/index.php(56): CodeIgniter\Boot::bootWeb(Object(Config\Paths))
INFO - 2024-08-17 01:56:52 --> CSRF token verified.
INFO - 2024-08-17 01:56:52 --> Session: Class initialized using 'CodeIgniter\Session\Handlers\FileHandler' driver.
WARNING - 2024-08-17 01:56:52 --> [DEPRECATED] Creation of dynamic property CodeIgniter\Security\Security::$request is deprecated in SYSTEMPATH/Security/Security.php on line 209.
 1 SYSTEMPATH/Config/Services.php(657): CodeIgniter\Security\Security->__construct(Object(Config\Security))
 2 SYSTEMPATH/Config/BaseService.php(312): CodeIgniter\Config\Services::security(Object(Config\Security), false)
 3 SYSTEMPATH/Config/BaseService.php(251): CodeIgniter\Config\BaseService::__callStatic('security', [...])
 4 SYSTEMPATH/Config/Services.php(652): CodeIgniter\Config\BaseService::getSharedInstance('security', null)
 5 SYSTEMPATH/Config/BaseService.php(321): CodeIgniter\Config\Services::security()
 6 SYSTEMPATH/Config/BaseService.php(202): CodeIgniter\Config\BaseService::__callStatic('security', [])
 7 SYSTEMPATH/Common.php(996): CodeIgniter\Config\BaseService::get('security')
 8 SYSTEMPATH/Helpers/security_helper.php(22): service('security')
 9 SYSTEMPATH/Debug/Toolbar.php(492): sanitize_filename('debugbar_1723859812.410861')
10 APPPATH/Config/Events.php(47): CodeIgniter\Debug\Toolbar->respond()
11 SYSTEMPATH/Events/Events.php(155): CodeIgniter\Events\Events::Config\{closure}()
12 SYSTEMPATH/CodeIgniter.php(340): CodeIgniter\Events\Events::trigger('pre_system')
13 SYSTEMPATH/Boot.php(325): CodeIgniter\CodeIgniter->run()
14 SYSTEMPATH/Boot.php(67): CodeIgniter\Boot::runCodeIgniter(Object(CodeIgniter\CodeIgniter))
15 FCPATH/index.php(56): CodeIgniter\Boot::bootWeb(Object(Config\Paths))
WARNING - 2024-08-17 01:56:53 --> [DEPRECATED] Creation of dynamic property CodeIgniter\Security\Security::$request is deprecated in SYSTEMPATH/Security/Security.php on line 209.
 1 SYSTEMPATH/Config/Services.php(657): CodeIgniter\Security\Security->__construct(Object(Config\Security))
 2 SYSTEMPATH/Config/BaseService.php(312): CodeIgniter\Config\Services::security(Object(Config\Security), false)
 3 SYSTEMPATH/Config/BaseService.php(251): CodeIgniter\Config\BaseService::__callStatic('security', [...])
 4 SYSTEMPATH/Config/Services.php(652): CodeIgniter\Config\BaseService::getSharedInstance('security', null)
 5 SYSTEMPATH/Config/BaseService.php(321): CodeIgniter\Config\Services::security()
 6 SYSTEMPATH/Config/BaseService.php(202): CodeIgniter\Config\BaseService::__callStatic('security', [])
 7 SYSTEMPATH/Common.php(996): CodeIgniter\Config\BaseService::get('security')
 8 SYSTEMPATH/Filters/CSRF.php(54): service('security')
 9 SYSTEMPATH/Filters/Filters.php(203): CodeIgniter\Filters\CSRF->before(Object(CodeIgniter\HTTP\IncomingRequest), null)
10 SYSTEMPATH/Filters/Filters.php(184): CodeIgniter\Filters\Filters->runBefore([...])
11 SYSTEMPATH/CodeIgniter.php(481): CodeIgniter\Filters\Filters->run('news', 'before')
12 SYSTEMPATH/CodeIgniter.php(355): CodeIgniter\CodeIgniter->handleRequest(null, Object(Config\Cache), false)
13 SYSTEMPATH/Boot.php(325): CodeIgniter\CodeIgniter->run()
14 SYSTEMPATH/Boot.php(67): CodeIgniter\Boot::runCodeIgniter(Object(CodeIgniter\CodeIgniter))
15 FCPATH/index.php(56): CodeIgniter\Boot::bootWeb(Object(Config\Paths))
INFO - 2024-08-17 01:56:53 --> CSRF token verified.
INFO - 2024-08-17 01:56:53 --> Session: Class initialized using 'CodeIgniter\Session\Handlers\FileHandler' driver.
WARNING - 2024-08-17 01:56:53 --> [DEPRECATED] Creation of dynamic property CodeIgniter\Security\Security::$request is deprecated in SYSTEMPATH/Security/Security.php on line 209.
 1 SYSTEMPATH/Config/Services.php(657): CodeIgniter\Security\Security->__construct(Object(Config\Security))
 2 SYSTEMPATH/Config/BaseService.php(312): CodeIgniter\Config\Services::security(Object(Config\Security), false)
 3 SYSTEMPATH/Config/BaseService.php(251): CodeIgniter\Config\BaseService::__callStatic('security', [...])
 4 SYSTEMPATH/Config/Services.php(652): CodeIgniter\Config\BaseService::getSharedInstance('security', null)
 5 SYSTEMPATH/Config/BaseService.php(321): CodeIgniter\Config\Services::security()
 6 SYSTEMPATH/Config/BaseService.php(202): CodeIgniter\Config\BaseService::__callStatic('security', [])
 7 SYSTEMPATH/Common.php(996): CodeIgniter\Config\BaseService::get('security')
 8 SYSTEMPATH/Helpers/security_helper.php(22): service('security')
 9 SYSTEMPATH/Debug/Toolbar.php(492): sanitize_filename('debugbar_1723859813.296348')
10 APPPATH/Config/Events.php(47): CodeIgniter\Debug\Toolbar->respond()
11 SYSTEMPATH/Events/Events.php(155): CodeIgniter\Events\Events::Config\{closure}()
12 SYSTEMPATH/CodeIgniter.php(340): CodeIgniter\Events\Events::trigger('pre_system')
13 SYSTEMPATH/Boot.php(325): CodeIgniter\CodeIgniter->run()
14 SYSTEMPATH/Boot.php(67): CodeIgniter\Boot::runCodeIgniter(Object(CodeIgniter\CodeIgniter))
15 FCPATH/index.php(56): CodeIgniter\Boot::bootWeb(Object(Config\Paths))
WARNING - 2024-08-17 01:56:55 --> [DEPRECATED] Creation of dynamic property CodeIgniter\Security\Security::$request is deprecated in SYSTEMPATH/Security/Security.php on line 209.
 1 SYSTEMPATH/Config/Services.php(657): CodeIgniter\Security\Security->__construct(Object(Config\Security))
 2 SYSTEMPATH/Config/BaseService.php(312): CodeIgniter\Config\Services::security(Object(Config\Security), false)
 3 SYSTEMPATH/Config/BaseService.php(251): CodeIgniter\Config\BaseService::__callStatic('security', [...])
 4 SYSTEMPATH/Config/Services.php(652): CodeIgniter\Config\BaseService::getSharedInstance('security', null)
 5 SYSTEMPATH/Config/BaseService.php(321): CodeIgniter\Config\Services::security()
 6 SYSTEMPATH/Config/BaseService.php(202): CodeIgniter\Config\BaseService::__callStatic('security', [])
 7 SYSTEMPATH/Common.php(996): CodeIgniter\Config\BaseService::get('security')
 8 SYSTEMPATH/Filters/CSRF.php(54): service('security')
 9 SYSTEMPATH/Filters/Filters.php(203): CodeIgniter\Filters\CSRF->before(Object(CodeIgniter\HTTP\IncomingRequest), null)
10 SYSTEMPATH/Filters/Filters.php(184): CodeIgniter\Filters\Filters->runBefore([...])
11 SYSTEMPATH/CodeIgniter.php(481): CodeIgniter\Filters\Filters->run('news', 'before')
12 SYSTEMPATH/CodeIgniter.php(355): CodeIgniter\CodeIgniter->handleRequest(null, Object(Config\Cache), false)
13 SYSTEMPATH/Boot.php(325): CodeIgniter\CodeIgniter->run()
14 SYSTEMPATH/Boot.php(67): CodeIgniter\Boot::runCodeIgniter(Object(CodeIgniter\CodeIgniter))
15 FCPATH/index.php(56): CodeIgniter\Boot::bootWeb(Object(Config\Paths))
INFO - 2024-08-17 01:56:55 --> CSRF token verified.
INFO - 2024-08-17 01:56:55 --> Session: Class initialized using 'CodeIgniter\Session\Handlers\FileHandler' driver.
WARNING - 2024-08-17 01:56:55 --> [DEPRECATED] Creation of dynamic property CodeIgniter\Security\Security::$request is deprecated in SYSTEMPATH/Security/Security.php on line 209.
 1 SYSTEMPATH/Config/Services.php(657): CodeIgniter\Security\Security->__construct(Object(Config\Security))
 2 SYSTEMPATH/Config/BaseService.php(312): CodeIgniter\Config\Services::security(Object(Config\Security), false)
 3 SYSTEMPATH/Config/BaseService.php(251): CodeIgniter\Config\BaseService::__callStatic('security', [...])
 4 SYSTEMPATH/Config/Services.php(652): CodeIgniter\Config\BaseService::getSharedInstance('security', null)
 5 SYSTEMPATH/Config/BaseService.php(321): CodeIgniter\Config\Services::security()
 6 SYSTEMPATH/Config/BaseService.php(202): CodeIgniter\Config\BaseService::__callStatic('security', [])
 7 SYSTEMPATH/Common.php(996): CodeIgniter\Config\BaseService::get('security')
 8 SYSTEMPATH/Helpers/security_helper.php(22): service('security')
 9 SYSTEMPATH/Debug/Toolbar.php(492): sanitize_filename('debugbar_1723859815.286550')
10 APPPATH/Config/Events.php(47): CodeIgniter\Debug\Toolbar->respond()
11 SYSTEMPATH/Events/Events.php(155): CodeIgniter\Events\Events::Config\{closure}()
12 SYSTEMPATH/CodeIgniter.php(340): CodeIgniter\Events\Events::trigger('pre_system')
13 SYSTEMPATH/Boot.php(325): CodeIgniter\CodeIgniter->run()
14 SYSTEMPATH/Boot.php(67): CodeIgniter\Boot::runCodeIgniter(Object(CodeIgniter\CodeIgniter))
15 FCPATH/index.php(56): CodeIgniter\Boot::bootWeb(Object(Config\Paths))
WARNING - 2024-08-17 01:56:56 --> [DEPRECATED] Creation of dynamic property CodeIgniter\Security\Security::$request is deprecated in SYSTEMPATH/Security/Security.php on line 209.
 1 SYSTEMPATH/Config/Services.php(657): CodeIgniter\Security\Security->__construct(Object(Config\Security))
 2 SYSTEMPATH/Config/BaseService.php(312): CodeIgniter\Config\Services::security(Object(Config\Security), false)
 3 SYSTEMPATH/Config/BaseService.php(251): CodeIgniter\Config\BaseService::__callStatic('security', [...])
 4 SYSTEMPATH/Config/Services.php(652): CodeIgniter\Config\BaseService::getSharedInstance('security', null)
 5 SYSTEMPATH/Config/BaseService.php(321): CodeIgniter\Config\Services::security()
 6 SYSTEMPATH/Config/BaseService.php(202): CodeIgniter\Config\BaseService::__callStatic('security', [])
 7 SYSTEMPATH/Common.php(996): CodeIgniter\Config\BaseService::get('security')
 8 SYSTEMPATH/Filters/CSRF.php(54): service('security')
 9 SYSTEMPATH/Filters/Filters.php(203): CodeIgniter\Filters\CSRF->before(Object(CodeIgniter\HTTP\IncomingRequest), null)
10 SYSTEMPATH/Filters/Filters.php(184): CodeIgniter\Filters\Filters->runBefore([...])
11 SYSTEMPATH/CodeIgniter.php(481): CodeIgniter\Filters\Filters->run('news', 'before')
12 SYSTEMPATH/CodeIgniter.php(355): CodeIgniter\CodeIgniter->handleRequest(null, Object(Config\Cache), false)
13 SYSTEMPATH/Boot.php(325): CodeIgniter\CodeIgniter->run()
14 SYSTEMPATH/Boot.php(67): CodeIgniter\Boot::runCodeIgniter(Object(CodeIgniter\CodeIgniter))
15 FCPATH/index.php(56): CodeIgniter\Boot::bootWeb(Object(Config\Paths))
INFO - 2024-08-17 01:56:56 --> CSRF token verified.
INFO - 2024-08-17 01:56:56 --> Session: Class initialized using 'CodeIgniter\Session\Handlers\FileHandler' driver.
WARNING - 2024-08-17 01:56:56 --> [DEPRECATED] Creation of dynamic property CodeIgniter\Security\Security::$request is deprecated in SYSTEMPATH/Security/Security.php on line 209.
 1 SYSTEMPATH/Config/Services.php(657): CodeIgniter\Security\Security->__construct(Object(Config\Security))
 2 SYSTEMPATH/Config/BaseService.php(312): CodeIgniter\Config\Services::security(Object(Config\Security), false)
 3 SYSTEMPATH/Config/BaseService.php(251): CodeIgniter\Config\BaseService::__callStatic('security', [...])
 4 SYSTEMPATH/Config/Services.php(652): CodeIgniter\Config\BaseService::getSharedInstance('security', null)
 5 SYSTEMPATH/Config/BaseService.php(321): CodeIgniter\Config\Services::security()
 6 SYSTEMPATH/Config/BaseService.php(202): CodeIgniter\Config\BaseService::__callStatic('security', [])
 7 SYSTEMPATH/Common.php(996): CodeIgniter\Config\BaseService::get('security')
 8 SYSTEMPATH/Helpers/security_helper.php(22): service('security')
 9 SYSTEMPATH/Debug/Toolbar.php(492): sanitize_filename('debugbar_1723859816.187999')
10 APPPATH/Config/Events.php(47): CodeIgniter\Debug\Toolbar->respond()
11 SYSTEMPATH/Events/Events.php(155): CodeIgniter\Events\Events::Config\{closure}()
12 SYSTEMPATH/CodeIgniter.php(340): CodeIgniter\Events\Events::trigger('pre_system')
13 SYSTEMPATH/Boot.php(325): CodeIgniter\CodeIgniter->run()
14 SYSTEMPATH/Boot.php(67): CodeIgniter\Boot::runCodeIgniter(Object(CodeIgniter\CodeIgniter))
15 FCPATH/index.php(56): CodeIgniter\Boot::bootWeb(Object(Config\Paths))
WARNING - 2024-08-17 01:56:58 --> [DEPRECATED] Creation of dynamic property CodeIgniter\Security\Security::$request is deprecated in SYSTEMPATH/Security/Security.php on line 209.
 1 SYSTEMPATH/Config/Services.php(657): CodeIgniter\Security\Security->__construct(Object(Config\Security))
 2 SYSTEMPATH/Config/BaseService.php(312): CodeIgniter\Config\Services::security(Object(Config\Security), false)
 3 SYSTEMPATH/Config/BaseService.php(251): CodeIgniter\Config\BaseService::__callStatic('security', [...])
 4 SYSTEMPATH/Config/Services.php(652): CodeIgniter\Config\BaseService::getSharedInstance('security', null)
 5 SYSTEMPATH/Config/BaseService.php(321): CodeIgniter\Config\Services::security()
 6 SYSTEMPATH/Config/BaseService.php(202): CodeIgniter\Config\BaseService::__callStatic('security', [])
 7 SYSTEMPATH/Common.php(996): CodeIgniter\Config\BaseService::get('security')
 8 SYSTEMPATH/Filters/CSRF.php(54): service('security')
 9 SYSTEMPATH/Filters/Filters.php(203): CodeIgniter\Filters\CSRF->before(Object(CodeIgniter\HTTP\IncomingRequest), null)
10 SYSTEMPATH/Filters/Filters.php(184): CodeIgniter\Filters\Filters->runBefore([...])
11 SYSTEMPATH/CodeIgniter.php(481): CodeIgniter\Filters\Filters->run('news', 'before')
12 SYSTEMPATH/CodeIgniter.php(355): CodeIgniter\CodeIgniter->handleRequest(null, Object(Config\Cache), false)
13 SYSTEMPATH/Boot.php(325): CodeIgniter\CodeIgniter->run()
14 SYSTEMPATH/Boot.php(67): CodeIgniter\Boot::runCodeIgniter(Object(CodeIgniter\CodeIgniter))
15 FCPATH/index.php(56): CodeIgniter\Boot::bootWeb(Object(Config\Paths))
INFO - 2024-08-17 01:56:58 --> CSRF token verified.
INFO - 2024-08-17 01:56:58 --> Session: Class initialized using 'CodeIgniter\Session\Handlers\FileHandler' driver.
WARNING - 2024-08-17 01:56:58 --> [DEPRECATED] Creation of dynamic property CodeIgniter\Security\Security::$request is deprecated in SYSTEMPATH/Security/Security.php on line 209.
 1 SYSTEMPATH/Config/Services.php(657): CodeIgniter\Security\Security->__construct(Object(Config\Security))
 2 SYSTEMPATH/Config/BaseService.php(312): CodeIgniter\Config\Services::security(Object(Config\Security), false)
 3 SYSTEMPATH/Config/BaseService.php(251): CodeIgniter\Config\BaseService::__callStatic('security', [...])
 4 SYSTEMPATH/Config/Services.php(652): CodeIgniter\Config\BaseService::getSharedInstance('security', null)
 5 SYSTEMPATH/Config/BaseService.php(321): CodeIgniter\Config\Services::security()
 6 SYSTEMPATH/Config/BaseService.php(202): CodeIgniter\Config\BaseService::__callStatic('security', [])
 7 SYSTEMPATH/Common.php(996): CodeIgniter\Config\BaseService::get('security')
 8 SYSTEMPATH/Helpers/security_helper.php(22): service('security')
 9 SYSTEMPATH/Debug/Toolbar.php(492): sanitize_filename('debugbar_1723859818.399339')
10 APPPATH/Config/Events.php(47): CodeIgniter\Debug\Toolbar->respond()
11 SYSTEMPATH/Events/Events.php(155): CodeIgniter\Events\Events::Config\{closure}()
12 SYSTEMPATH/CodeIgniter.php(340): CodeIgniter\Events\Events::trigger('pre_system')
13 SYSTEMPATH/Boot.php(325): CodeIgniter\CodeIgniter->run()
14 SYSTEMPATH/Boot.php(67): CodeIgniter\Boot::runCodeIgniter(Object(CodeIgniter\CodeIgniter))
15 FCPATH/index.php(56): CodeIgniter\Boot::bootWeb(Object(Config\Paths))
WARNING - 2024-08-17 01:56:59 --> [DEPRECATED] Creation of dynamic property CodeIgniter\Security\Security::$request is deprecated in SYSTEMPATH/Security/Security.php on line 209.
 1 SYSTEMPATH/Config/Services.php(657): CodeIgniter\Security\Security->__construct(Object(Config\Security))
 2 SYSTEMPATH/Config/BaseService.php(312): CodeIgniter\Config\Services::security(Object(Config\Security), false)
 3 SYSTEMPATH/Config/BaseService.php(251): CodeIgniter\Config\BaseService::__callStatic('security', [...])
 4 SYSTEMPATH/Config/Services.php(652): CodeIgniter\Config\BaseService::getSharedInstance('security', null)
 5 SYSTEMPATH/Config/BaseService.php(321): CodeIgniter\Config\Services::security()
 6 SYSTEMPATH/Config/BaseService.php(202): CodeIgniter\Config\BaseService::__callStatic('security', [])
 7 SYSTEMPATH/Common.php(996): CodeIgniter\Config\BaseService::get('security')
 8 SYSTEMPATH/Filters/CSRF.php(54): service('security')
 9 SYSTEMPATH/Filters/Filters.php(203): CodeIgniter\Filters\CSRF->before(Object(CodeIgniter\HTTP\IncomingRequest), null)
10 SYSTEMPATH/Filters/Filters.php(184): CodeIgniter\Filters\Filters->runBefore([...])
11 SYSTEMPATH/CodeIgniter.php(481): CodeIgniter\Filters\Filters->run('news', 'before')
12 SYSTEMPATH/CodeIgniter.php(355): CodeIgniter\CodeIgniter->handleRequest(null, Object(Config\Cache), false)
13 SYSTEMPATH/Boot.php(325): CodeIgniter\CodeIgniter->run()
14 SYSTEMPATH/Boot.php(67): CodeIgniter\Boot::runCodeIgniter(Object(CodeIgniter\CodeIgniter))
15 FCPATH/index.php(56): CodeIgniter\Boot::bootWeb(Object(Config\Paths))
INFO - 2024-08-17 01:56:59 --> CSRF token verified.
INFO - 2024-08-17 01:56:59 --> Session: Class initialized using 'CodeIgniter\Session\Handlers\FileHandler' driver.
WARNING - 2024-08-17 01:56:59 --> [DEPRECATED] Creation of dynamic property CodeIgniter\Security\Security::$request is deprecated in SYSTEMPATH/Security/Security.php on line 209.
 1 SYSTEMPATH/Config/Services.php(657): CodeIgniter\Security\Security->__construct(Object(Config\Security))
 2 SYSTEMPATH/Config/BaseService.php(312): CodeIgniter\Config\Services::security(Object(Config\Security), false)
 3 SYSTEMPATH/Config/BaseService.php(251): CodeIgniter\Config\BaseService::__callStatic('security', [...])
 4 SYSTEMPATH/Config/Services.php(652): CodeIgniter\Config\BaseService::getSharedInstance('security', null)
 5 SYSTEMPATH/Config/BaseService.php(321): CodeIgniter\Config\Services::security()
 6 SYSTEMPATH/Config/BaseService.php(202): CodeIgniter\Config\BaseService::__callStatic('security', [])
 7 SYSTEMPATH/Common.php(996): CodeIgniter\Config\BaseService::get('security')
 8 SYSTEMPATH/Helpers/security_helper.php(22): service('security')
 9 SYSTEMPATH/Debug/Toolbar.php(492): sanitize_filename('debugbar_1723859819.431858')
10 APPPATH/Config/Events.php(47): CodeIgniter\Debug\Toolbar->respond()
11 SYSTEMPATH/Events/Events.php(155): CodeIgniter\Events\Events::Config\{closure}()
12 SYSTEMPATH/CodeIgniter.php(340): CodeIgniter\Events\Events::trigger('pre_system')
13 SYSTEMPATH/Boot.php(325): CodeIgniter\CodeIgniter->run()
14 SYSTEMPATH/Boot.php(67): CodeIgniter\Boot::runCodeIgniter(Object(CodeIgniter\CodeIgniter))
15 FCPATH/index.php(56): CodeIgniter\Boot::bootWeb(Object(Config\Paths))
WARNING - 2024-08-17 01:57:06 --> [DEPRECATED] Creation of dynamic property CodeIgniter\Security\Security::$request is deprecated in SYSTEMPATH/Security/Security.php on line 209.
 1 SYSTEMPATH/Config/Services.php(657): CodeIgniter\Security\Security->__construct(Object(Config\Security))
 2 SYSTEMPATH/Config/BaseService.php(312): CodeIgniter\Config\Services::security(Object(Config\Security), false)
 3 SYSTEMPATH/Config/BaseService.php(251): CodeIgniter\Config\BaseService::__callStatic('security', [...])
 4 SYSTEMPATH/Config/Services.php(652): CodeIgniter\Config\BaseService::getSharedInstance('security', null)
 5 SYSTEMPATH/Config/BaseService.php(321): CodeIgniter\Config\Services::security()
 6 SYSTEMPATH/Config/BaseService.php(202): CodeIgniter\Config\BaseService::__callStatic('security', [])
 7 SYSTEMPATH/Common.php(996): CodeIgniter\Config\BaseService::get('security')
 8 SYSTEMPATH/Filters/CSRF.php(54): service('security')
 9 SYSTEMPATH/Filters/Filters.php(203): CodeIgniter\Filters\CSRF->before(Object(CodeIgniter\HTTP\IncomingRequest), null)
10 SYSTEMPATH/Filters/Filters.php(184): CodeIgniter\Filters\Filters->runBefore([...])
11 SYSTEMPATH/CodeIgniter.php(481): CodeIgniter\Filters\Filters->run('news', 'before')
12 SYSTEMPATH/CodeIgniter.php(355): CodeIgniter\CodeIgniter->handleRequest(null, Object(Config\Cache), false)
13 SYSTEMPATH/Boot.php(325): CodeIgniter\CodeIgniter->run()
14 SYSTEMPATH/Boot.php(67): CodeIgniter\Boot::runCodeIgniter(Object(CodeIgniter\CodeIgniter))
15 FCPATH/index.php(56): CodeIgniter\Boot::bootWeb(Object(Config\Paths))
CRITICAL - 2024-08-17 01:57:06 --> CodeIgniter\Security\Exceptions\SecurityException: The action you requested is not allowed.
[Method: POST, Route: news]
in SYSTEMPATH/Security/Security.php on line 262.
 1 SYSTEMPATH/Security/Security.php(262): CodeIgniter\Security\Exceptions\SecurityException::forDisallowedAction()
 2 SYSTEMPATH/Filters/CSRF.php(57): CodeIgniter\Security\Security->verify(Object(CodeIgniter\HTTP\IncomingRequest))
 3 SYSTEMPATH/Filters/Filters.php(203): CodeIgniter\Filters\CSRF->before(Object(CodeIgniter\HTTP\IncomingRequest), null)
 4 SYSTEMPATH/Filters/Filters.php(184): CodeIgniter\Filters\Filters->runBefore([...])
 5 SYSTEMPATH/CodeIgniter.php(481): CodeIgniter\Filters\Filters->run('news', 'before')
 6 SYSTEMPATH/CodeIgniter.php(355): CodeIgniter\CodeIgniter->handleRequest(null, Object(Config\Cache), false)
 7 SYSTEMPATH/Boot.php(325): CodeIgniter\CodeIgniter->run()
 8 SYSTEMPATH/Boot.php(67): CodeIgniter\Boot::runCodeIgniter(Object(CodeIgniter\CodeIgniter))
 9 FCPATH/index.php(56): CodeIgniter\Boot::bootWeb(Object(Config\Paths))
CRITICAL - 2024-08-17 02:07:43 --> ErrorException: fopen(/var/www/public_html/ci4/writable/session/ci_sessionaf8e4f598c29162613d4c8c934a3c204a850aa3d): Failed to open stream: Permission denied
[Method: GET, Route: news/new]
in SYSTEMPATH/Session/Handlers/FileHandler.php on line 130.
 1 [internal function]: CodeIgniter\Debug\Exceptions->errorHandler(2, 'fopen(/var/www/public_html/ci4/writable/session/ci_sessionaf8e4f598c29162613d4c8c934a3c204a850aa3d): Failed to open stream: Permission denied', '/var/www/public_html/ci4/system/Session/Handlers/FileHandler.php', 130)
 2 SYSTEMPATH/Session/Handlers/FileHandler.php(130): fopen('/var/www/public_html/ci4/writable/session/ci_sessionaf8e4f598c29162613d4c8c934a3c204a850aa3d', 'c+b')
 3 [internal function]: CodeIgniter\Session\Handlers\FileHandler->read('af8e4f598c29162613d4c8c934a3c204a850aa3d')
 4 SYSTEMPATH/Session/Session.php(920): session_start()
 5 SYSTEMPATH/Session/Session.php(242): CodeIgniter\Session\Session->startSession()
 6 SYSTEMPATH/Config/Services.php(710): CodeIgniter\Session\Session->start()
 7 SYSTEMPATH/Config/BaseService.php(312): CodeIgniter\Config\Services::session(Object(Config\Session), false)
 8 SYSTEMPATH/Config/BaseService.php(251): CodeIgniter\Config\BaseService::__callStatic('session', [...])
 9 SYSTEMPATH/Config/Services.php(668): CodeIgniter\Config\BaseService::getSharedInstance('session', null)
10 SYSTEMPATH/Config/BaseService.php(321): CodeIgniter\Config\Services::session()
11 SYSTEMPATH/Config/BaseService.php(202): CodeIgniter\Config\BaseService::__callStatic('session', [])
12 SYSTEMPATH/Common.php(996): CodeIgniter\Config\BaseService::get('session')
13 SYSTEMPATH/Common.php(969): service('session')
14 APPPATH/Views/news/create.php(3): session()
15 SYSTEMPATH/View/View.php(234): include('/var/www/public_html/ci4/app/Views/news/create.php')
16 SYSTEMPATH/View/View.php(237): CodeIgniter\View\View->CodeIgniter\View\{closure}()
17 SYSTEMPATH/Common.php(1169): CodeIgniter\View\View->render('news/create', [], true)
18 APPPATH/Controllers/News.php(46): view('news/create')
19 SYSTEMPATH/CodeIgniter.php(933): App\Controllers\News->new()
20 SYSTEMPATH/CodeIgniter.php(509): CodeIgniter\CodeIgniter->runController(Object(App\Controllers\News))
21 SYSTEMPATH/CodeIgniter.php(355): CodeIgniter\CodeIgniter->handleRequest(null, Object(Config\Cache), false)
22 SYSTEMPATH/Boot.php(325): CodeIgniter\CodeIgniter->run()
23 SYSTEMPATH/Boot.php(67): CodeIgniter\Boot::runCodeIgniter(Object(CodeIgniter\CodeIgniter))
24 FCPATH/index.php(56): CodeIgniter\Boot::bootWeb(Object(Config\Paths))
CRITICAL - 2024-08-17 02:09:14 --> ErrorException: fopen(/var/www/public_html/ci4/writable/session/ci_sessionaf8e4f598c29162613d4c8c934a3c204a850aa3d): Failed to open stream: Permission denied
[Method: GET, Route: news/new]
in SYSTEMPATH/Session/Handlers/FileHandler.php on line 130.
 1 [internal function]: CodeIgniter\Debug\Exceptions->errorHandler(2, 'fopen(/var/www/public_html/ci4/writable/session/ci_sessionaf8e4f598c29162613d4c8c934a3c204a850aa3d): Failed to open stream: Permission denied', '/var/www/public_html/ci4/system/Session/Handlers/FileHandler.php', 130)
 2 SYSTEMPATH/Session/Handlers/FileHandler.php(130): fopen('/var/www/public_html/ci4/writable/session/ci_sessionaf8e4f598c29162613d4c8c934a3c204a850aa3d', 'c+b')
 3 [internal function]: CodeIgniter\Session\Handlers\FileHandler->read('af8e4f598c29162613d4c8c934a3c204a850aa3d')
 4 SYSTEMPATH/Session/Session.php(920): session_start()
 5 SYSTEMPATH/Session/Session.php(242): CodeIgniter\Session\Session->startSession()
 6 SYSTEMPATH/Config/Services.php(710): CodeIgniter\Session\Session->start()
 7 SYSTEMPATH/Config/BaseService.php(312): CodeIgniter\Config\Services::session(Object(Config\Session), false)
 8 SYSTEMPATH/Config/BaseService.php(251): CodeIgniter\Config\BaseService::__callStatic('session', [...])
 9 SYSTEMPATH/Config/Services.php(668): CodeIgniter\Config\BaseService::getSharedInstance('session', null)
10 SYSTEMPATH/Config/BaseService.php(321): CodeIgniter\Config\Services::session()
11 SYSTEMPATH/Config/BaseService.php(202): CodeIgniter\Config\BaseService::__callStatic('session', [])
12 SYSTEMPATH/Common.php(996): CodeIgniter\Config\BaseService::get('session')
13 SYSTEMPATH/Common.php(969): service('session')
14 APPPATH/Views/news/create.php(3): session()
15 SYSTEMPATH/View/View.php(234): include('/var/www/public_html/ci4/app/Views/news/create.php')
16 SYSTEMPATH/View/View.php(237): CodeIgniter\View\View->CodeIgniter\View\{closure}()
17 SYSTEMPATH/Common.php(1169): CodeIgniter\View\View->render('news/create', [], true)
18 APPPATH/Controllers/News.php(46): view('news/create')
19 SYSTEMPATH/CodeIgniter.php(933): App\Controllers\News->new()
20 SYSTEMPATH/CodeIgniter.php(509): CodeIgniter\CodeIgniter->runController(Object(App\Controllers\News))
21 SYSTEMPATH/CodeIgniter.php(355): CodeIgniter\CodeIgniter->handleRequest(null, Object(Config\Cache), false)
22 SYSTEMPATH/Boot.php(325): CodeIgniter\CodeIgniter->run()
23 SYSTEMPATH/Boot.php(67): CodeIgniter\Boot::runCodeIgniter(Object(CodeIgniter\CodeIgniter))
24 FCPATH/index.php(56): CodeIgniter\Boot::bootWeb(Object(Config\Paths))
CRITICAL - 2024-08-17 02:11:34 --> CodeIgniter\Security\Exceptions\SecurityException: The action you requested is not allowed.
[Method: POST, Route: news]
in SYSTEMPATH/Security/Security.php on line 262.
 1 SYSTEMPATH/Security/Security.php(262): CodeIgniter\Security\Exceptions\SecurityException::forDisallowedAction()
 2 SYSTEMPATH/Filters/CSRF.php(57): CodeIgniter\Security\Security->verify(Object(CodeIgniter\HTTP\IncomingRequest))
 3 SYSTEMPATH/Filters/Filters.php(203): CodeIgniter\Filters\CSRF->before(Object(CodeIgniter\HTTP\IncomingRequest), null)
 4 SYSTEMPATH/Filters/Filters.php(184): CodeIgniter\Filters\Filters->runBefore([...])
 5 SYSTEMPATH/CodeIgniter.php(481): CodeIgniter\Filters\Filters->run('news', 'before')
 6 SYSTEMPATH/CodeIgniter.php(355): CodeIgniter\CodeIgniter->handleRequest(null, Object(Config\Cache), false)
 7 SYSTEMPATH/Boot.php(325): CodeIgniter\CodeIgniter->run()
 8 SYSTEMPATH/Boot.php(67): CodeIgniter\Boot::runCodeIgniter(Object(CodeIgniter\CodeIgniter))
 9 FCPATH/index.php(56): CodeIgniter\Boot::bootWeb(Object(Config\Paths))
CRITICAL - 2024-08-17 02:11:53 --> CodeIgniter\Security\Exceptions\SecurityException: The action you requested is not allowed.
[Method: POST, Route: news]
in SYSTEMPATH/Security/Security.php on line 262.
 1 SYSTEMPATH/Security/Security.php(262): CodeIgniter\Security\Exceptions\SecurityException::forDisallowedAction()
 2 SYSTEMPATH/Filters/CSRF.php(57): CodeIgniter\Security\Security->verify(Object(CodeIgniter\HTTP\IncomingRequest))
 3 SYSTEMPATH/Filters/Filters.php(203): CodeIgniter\Filters\CSRF->before(Object(CodeIgniter\HTTP\IncomingRequest), null)
 4 SYSTEMPATH/Filters/Filters.php(184): CodeIgniter\Filters\Filters->runBefore([...])
 5 SYSTEMPATH/CodeIgniter.php(481): CodeIgniter\Filters\Filters->run('news', 'before')
 6 SYSTEMPATH/CodeIgniter.php(355): CodeIgniter\CodeIgniter->handleRequest(null, Object(Config\Cache), false)
 7 SYSTEMPATH/Boot.php(325): CodeIgniter\CodeIgniter->run()
 8 SYSTEMPATH/Boot.php(67): CodeIgniter\Boot::runCodeIgniter(Object(CodeIgniter\CodeIgniter))
 9 FCPATH/index.php(56): CodeIgniter\Boot::bootWeb(Object(Config\Paths))
CRITICAL - 2024-08-17 02:45:34 --> ErrorException: fopen(/var/www/public_html/ci4/writable/session/ci_session459246d3e33f20631869aed11df90ed3ae2c3464): Failed to open stream: Permission denied
[Method: GET, Route: news/new]
in SYSTEMPATH/Session/Handlers/FileHandler.php on line 130.
 1 [internal function]: CodeIgniter\Debug\Exceptions->errorHandler(2, 'fopen(/var/www/public_html/ci4/writable/session/ci_session459246d3e33f20631869aed11df90ed3ae2c3464): Failed to open stream: Permission denied', '/var/www/public_html/ci4/system/Session/Handlers/FileHandler.php', 130)
 2 SYSTEMPATH/Session/Handlers/FileHandler.php(130): fopen('/var/www/public_html/ci4/writable/session/ci_session459246d3e33f20631869aed11df90ed3ae2c3464', 'c+b')
 3 [internal function]: CodeIgniter\Session\Handlers\FileHandler->read('459246d3e33f20631869aed11df90ed3ae2c3464')
 4 SYSTEMPATH/Session/Session.php(920): session_start()
 5 SYSTEMPATH/Session/Session.php(242): CodeIgniter\Session\Session->startSession()
 6 SYSTEMPATH/Config/Services.php(710): CodeIgniter\Session\Session->start()
 7 SYSTEMPATH/Config/BaseService.php(312): CodeIgniter\Config\Services::session(Object(Config\Session), false)
 8 SYSTEMPATH/Config/BaseService.php(251): CodeIgniter\Config\BaseService::__callStatic('session', [...])
 9 SYSTEMPATH/Config/Services.php(668): CodeIgniter\Config\BaseService::getSharedInstance('session', null)
10 SYSTEMPATH/Config/BaseService.php(321): CodeIgniter\Config\Services::session()
11 SYSTEMPATH/Config/BaseService.php(202): CodeIgniter\Config\BaseService::__callStatic('session', [])
12 SYSTEMPATH/Common.php(996): CodeIgniter\Config\BaseService::get('session')
13 SYSTEMPATH/Common.php(969): service('session')
14 APPPATH/Views/news/create.php(3): session()
15 SYSTEMPATH/View/View.php(234): include('/var/www/public_html/ci4/app/Views/news/create.php')
16 SYSTEMPATH/View/View.php(237): CodeIgniter\View\View->CodeIgniter\View\{closure}()
17 SYSTEMPATH/Common.php(1169): CodeIgniter\View\View->render('news/create', [], true)
18 APPPATH/Controllers/News.php(46): view('news/create')
19 SYSTEMPATH/CodeIgniter.php(933): App\Controllers\News->new()
20 SYSTEMPATH/CodeIgniter.php(509): CodeIgniter\CodeIgniter->runController(Object(App\Controllers\News))
21 SYSTEMPATH/CodeIgniter.php(355): CodeIgniter\CodeIgniter->handleRequest(null, Object(Config\Cache), false)
22 SYSTEMPATH/Boot.php(325): CodeIgniter\CodeIgniter->run()
23 SYSTEMPATH/Boot.php(67): CodeIgniter\Boot::runCodeIgniter(Object(CodeIgniter\CodeIgniter))
24 FCPATH/index.php(56): CodeIgniter\Boot::bootWeb(Object(Config\Paths))
CRITICAL - 2024-08-17 02:45:43 --> ErrorException: fopen(/var/www/public_html/ci4/writable/session/ci_session459246d3e33f20631869aed11df90ed3ae2c3464): Failed to open stream: Permission denied
[Method: GET, Route: news/new]
in SYSTEMPATH/Session/Handlers/FileHandler.php on line 130.
 1 [internal function]: CodeIgniter\Debug\Exceptions->errorHandler(2, 'fopen(/var/www/public_html/ci4/writable/session/ci_session459246d3e33f20631869aed11df90ed3ae2c3464): Failed to open stream: Permission denied', '/var/www/public_html/ci4/system/Session/Handlers/FileHandler.php', 130)
 2 SYSTEMPATH/Session/Handlers/FileHandler.php(130): fopen('/var/www/public_html/ci4/writable/session/ci_session459246d3e33f20631869aed11df90ed3ae2c3464', 'c+b')
 3 [internal function]: CodeIgniter\Session\Handlers\FileHandler->read('459246d3e33f20631869aed11df90ed3ae2c3464')
 4 SYSTEMPATH/Session/Session.php(920): session_start()
 5 SYSTEMPATH/Session/Session.php(242): CodeIgniter\Session\Session->startSession()
 6 SYSTEMPATH/Config/Services.php(710): CodeIgniter\Session\Session->start()
 7 SYSTEMPATH/Config/BaseService.php(312): CodeIgniter\Config\Services::session(Object(Config\Session), false)
 8 SYSTEMPATH/Config/BaseService.php(251): CodeIgniter\Config\BaseService::__callStatic('session', [...])
 9 SYSTEMPATH/Config/Services.php(668): CodeIgniter\Config\BaseService::getSharedInstance('session', null)
10 SYSTEMPATH/Config/BaseService.php(321): CodeIgniter\Config\Services::session()
11 SYSTEMPATH/Config/BaseService.php(202): CodeIgniter\Config\BaseService::__callStatic('session', [])
12 SYSTEMPATH/Common.php(996): CodeIgniter\Config\BaseService::get('session')
13 SYSTEMPATH/Common.php(969): service('session')
14 APPPATH/Views/news/create.php(3): session()
15 SYSTEMPATH/View/View.php(234): include('/var/www/public_html/ci4/app/Views/news/create.php')
16 SYSTEMPATH/View/View.php(237): CodeIgniter\View\View->CodeIgniter\View\{closure}()
17 SYSTEMPATH/Common.php(1169): CodeIgniter\View\View->render('news/create', [], true)
18 APPPATH/Controllers/News.php(46): view('news/create')
19 SYSTEMPATH/CodeIgniter.php(933): App\Controllers\News->new()
20 SYSTEMPATH/CodeIgniter.php(509): CodeIgniter\CodeIgniter->runController(Object(App\Controllers\News))
21 SYSTEMPATH/CodeIgniter.php(355): CodeIgniter\CodeIgniter->handleRequest(null, Object(Config\Cache), false)
22 SYSTEMPATH/Boot.php(325): CodeIgniter\CodeIgniter->run()
23 SYSTEMPATH/Boot.php(67): CodeIgniter\Boot::runCodeIgniter(Object(CodeIgniter\CodeIgniter))
24 FCPATH/index.php(56): CodeIgniter\Boot::bootWeb(Object(Config\Paths))
CRITICAL - 2024-08-17 02:46:00 --> ErrorException: fopen(/var/www/public_html/ci4/writable/session/ci_session459246d3e33f20631869aed11df90ed3ae2c3464): Failed to open stream: Permission denied
[Method: GET, Route: news/new]
in SYSTEMPATH/Session/Handlers/FileHandler.php on line 130.
 1 [internal function]: CodeIgniter\Debug\Exceptions->errorHandler(2, 'fopen(/var/www/public_html/ci4/writable/session/ci_session459246d3e33f20631869aed11df90ed3ae2c3464): Failed to open stream: Permission denied', '/var/www/public_html/ci4/system/Session/Handlers/FileHandler.php', 130)
 2 SYSTEMPATH/Session/Handlers/FileHandler.php(130): fopen('/var/www/public_html/ci4/writable/session/ci_session459246d3e33f20631869aed11df90ed3ae2c3464', 'c+b')
 3 [internal function]: CodeIgniter\Session\Handlers\FileHandler->read('459246d3e33f20631869aed11df90ed3ae2c3464')
 4 SYSTEMPATH/Session/Session.php(920): session_start()
 5 SYSTEMPATH/Session/Session.php(242): CodeIgniter\Session\Session->startSession()
 6 SYSTEMPATH/Config/Services.php(710): CodeIgniter\Session\Session->start()
 7 SYSTEMPATH/Config/BaseService.php(312): CodeIgniter\Config\Services::session(Object(Config\Session), false)
 8 SYSTEMPATH/Config/BaseService.php(251): CodeIgniter\Config\BaseService::__callStatic('session', [...])
 9 SYSTEMPATH/Config/Services.php(668): CodeIgniter\Config\BaseService::getSharedInstance('session', null)
10 SYSTEMPATH/Config/BaseService.php(321): CodeIgniter\Config\Services::session()
11 SYSTEMPATH/Config/BaseService.php(202): CodeIgniter\Config\BaseService::__callStatic('session', [])
12 SYSTEMPATH/Common.php(996): CodeIgniter\Config\BaseService::get('session')
13 SYSTEMPATH/Common.php(969): service('session')
14 APPPATH/Views/news/create.php(3): session()
15 SYSTEMPATH/View/View.php(234): include('/var/www/public_html/ci4/app/Views/news/create.php')
16 SYSTEMPATH/View/View.php(237): CodeIgniter\View\View->CodeIgniter\View\{closure}()
17 SYSTEMPATH/Common.php(1169): CodeIgniter\View\View->render('news/create', [], true)
18 APPPATH/Controllers/News.php(46): view('news/create')
19 SYSTEMPATH/CodeIgniter.php(933): App\Controllers\News->new()
20 SYSTEMPATH/CodeIgniter.php(509): CodeIgniter\CodeIgniter->runController(Object(App\Controllers\News))
21 SYSTEMPATH/CodeIgniter.php(355): CodeIgniter\CodeIgniter->handleRequest(null, Object(Config\Cache), false)
22 SYSTEMPATH/Boot.php(325): CodeIgniter\CodeIgniter->run()
23 SYSTEMPATH/Boot.php(67): CodeIgniter\Boot::runCodeIgniter(Object(CodeIgniter\CodeIgniter))
24 FCPATH/index.php(56): CodeIgniter\Boot::bootWeb(Object(Config\Paths))
CRITICAL - 2024-08-17 02:46:01 --> ErrorException: fopen(/var/www/public_html/ci4/writable/session/ci_session459246d3e33f20631869aed11df90ed3ae2c3464): Failed to open stream: Permission denied
[Method: GET, Route: news/new]
in SYSTEMPATH/Session/Handlers/FileHandler.php on line 130.
 1 [internal function]: CodeIgniter\Debug\Exceptions->errorHandler(2, 'fopen(/var/www/public_html/ci4/writable/session/ci_session459246d3e33f20631869aed11df90ed3ae2c3464): Failed to open stream: Permission denied', '/var/www/public_html/ci4/system/Session/Handlers/FileHandler.php', 130)
 2 SYSTEMPATH/Session/Handlers/FileHandler.php(130): fopen('/var/www/public_html/ci4/writable/session/ci_session459246d3e33f20631869aed11df90ed3ae2c3464', 'c+b')
 3 [internal function]: CodeIgniter\Session\Handlers\FileHandler->read('459246d3e33f20631869aed11df90ed3ae2c3464')
 4 SYSTEMPATH/Session/Session.php(920): session_start()
 5 SYSTEMPATH/Session/Session.php(242): CodeIgniter\Session\Session->startSession()
 6 SYSTEMPATH/Config/Services.php(710): CodeIgniter\Session\Session->start()
 7 SYSTEMPATH/Config/BaseService.php(312): CodeIgniter\Config\Services::session(Object(Config\Session), false)
 8 SYSTEMPATH/Config/BaseService.php(251): CodeIgniter\Config\BaseService::__callStatic('session', [...])
 9 SYSTEMPATH/Config/Services.php(668): CodeIgniter\Config\BaseService::getSharedInstance('session', null)
10 SYSTEMPATH/Config/BaseService.php(321): CodeIgniter\Config\Services::session()
11 SYSTEMPATH/Config/BaseService.php(202): CodeIgniter\Config\BaseService::__callStatic('session', [])
12 SYSTEMPATH/Common.php(996): CodeIgniter\Config\BaseService::get('session')
13 SYSTEMPATH/Common.php(969): service('session')
14 APPPATH/Views/news/create.php(3): session()
15 SYSTEMPATH/View/View.php(234): include('/var/www/public_html/ci4/app/Views/news/create.php')
16 SYSTEMPATH/View/View.php(237): CodeIgniter\View\View->CodeIgniter\View\{closure}()
17 SYSTEMPATH/Common.php(1169): CodeIgniter\View\View->render('news/create', [], true)
18 APPPATH/Controllers/News.php(46): view('news/create')
19 SYSTEMPATH/CodeIgniter.php(933): App\Controllers\News->new()
20 SYSTEMPATH/CodeIgniter.php(509): CodeIgniter\CodeIgniter->runController(Object(App\Controllers\News))
21 SYSTEMPATH/CodeIgniter.php(355): CodeIgniter\CodeIgniter->handleRequest(null, Object(Config\Cache), false)
22 SYSTEMPATH/Boot.php(325): CodeIgniter\CodeIgniter->run()
23 SYSTEMPATH/Boot.php(67): CodeIgniter\Boot::runCodeIgniter(Object(CodeIgniter\CodeIgniter))
24 FCPATH/index.php(56): CodeIgniter\Boot::bootWeb(Object(Config\Paths))
WARNING - 2024-08-17 02:46:29 --> [DEPRECATED] Creation of dynamic property CodeIgniter\Security\Security::$request is deprecated in SYSTEMPATH/Security/Security.php on line 209.
 1 SYSTEMPATH/Config/Services.php(657): CodeIgniter\Security\Security->__construct(Object(Config\Security))
 2 SYSTEMPATH/Config/BaseService.php(312): CodeIgniter\Config\Services::security(Object(Config\Security), false)
 3 SYSTEMPATH/Config/BaseService.php(251): CodeIgniter\Config\BaseService::__callStatic('security', [...])
 4 SYSTEMPATH/Config/Services.php(652): CodeIgniter\Config\BaseService::getSharedInstance('security', null)
 5 SYSTEMPATH/Config/BaseService.php(321): CodeIgniter\Config\Services::security()
 6 SYSTEMPATH/Config/BaseService.php(202): CodeIgniter\Config\BaseService::__callStatic('security', [])
 7 SYSTEMPATH/Common.php(996): CodeIgniter\Config\BaseService::get('security')
 8 SYSTEMPATH/Helpers/security_helper.php(22): service('security')
 9 SYSTEMPATH/Debug/Toolbar.php(492): sanitize_filename('debugbar_1723862789.360074')
10 APPPATH/Config/Events.php(47): CodeIgniter\Debug\Toolbar->respond()
11 SYSTEMPATH/Events/Events.php(155): CodeIgniter\Events\Events::Config\{closure}()
12 SYSTEMPATH/CodeIgniter.php(340): CodeIgniter\Events\Events::trigger('pre_system')
13 SYSTEMPATH/Boot.php(325): CodeIgniter\CodeIgniter->run()
14 SYSTEMPATH/Boot.php(67): CodeIgniter\Boot::runCodeIgniter(Object(CodeIgniter\CodeIgniter))
15 FCPATH/index.php(56): CodeIgniter\Boot::bootWeb(Object(Config\Paths))
CRITICAL - 2024-08-17 02:46:32 --> ErrorException: fopen(/var/www/public_html/ci4/writable/session/ci_session459246d3e33f20631869aed11df90ed3ae2c3464): Failed to open stream: Permission denied
[Method: GET, Route: news/new]
in SYSTEMPATH/Session/Handlers/FileHandler.php on line 130.
 1 [internal function]: CodeIgniter\Debug\Exceptions->errorHandler(2, 'fopen(/var/www/public_html/ci4/writable/session/ci_session459246d3e33f20631869aed11df90ed3ae2c3464): Failed to open stream: Permission denied', '/var/www/public_html/ci4/system/Session/Handlers/FileHandler.php', 130)
 2 SYSTEMPATH/Session/Handlers/FileHandler.php(130): fopen('/var/www/public_html/ci4/writable/session/ci_session459246d3e33f20631869aed11df90ed3ae2c3464', 'c+b')
 3 [internal function]: CodeIgniter\Session\Handlers\FileHandler->read('459246d3e33f20631869aed11df90ed3ae2c3464')
 4 SYSTEMPATH/Session/Session.php(920): session_start()
 5 SYSTEMPATH/Session/Session.php(242): CodeIgniter\Session\Session->startSession()
 6 SYSTEMPATH/Config/Services.php(710): CodeIgniter\Session\Session->start()
 7 SYSTEMPATH/Config/BaseService.php(312): CodeIgniter\Config\Services::session(Object(Config\Session), false)
 8 SYSTEMPATH/Config/BaseService.php(251): CodeIgniter\Config\BaseService::__callStatic('session', [...])
 9 SYSTEMPATH/Config/Services.php(668): CodeIgniter\Config\BaseService::getSharedInstance('session', null)
10 SYSTEMPATH/Config/BaseService.php(321): CodeIgniter\Config\Services::session()
11 SYSTEMPATH/Config/BaseService.php(202): CodeIgniter\Config\BaseService::__callStatic('session', [])
12 SYSTEMPATH/Common.php(996): CodeIgniter\Config\BaseService::get('session')
13 SYSTEMPATH/Common.php(969): service('session')
14 APPPATH/Views/news/create.php(3): session()
15 SYSTEMPATH/View/View.php(234): include('/var/www/public_html/ci4/app/Views/news/create.php')
16 SYSTEMPATH/View/View.php(237): CodeIgniter\View\View->CodeIgniter\View\{closure}()
17 SYSTEMPATH/Common.php(1169): CodeIgniter\View\View->render('news/create', [], true)
18 APPPATH/Controllers/News.php(46): view('news/create')
19 SYSTEMPATH/CodeIgniter.php(933): App\Controllers\News->new()
20 SYSTEMPATH/CodeIgniter.php(509): CodeIgniter\CodeIgniter->runController(Object(App\Controllers\News))
21 SYSTEMPATH/CodeIgniter.php(355): CodeIgniter\CodeIgniter->handleRequest(null, Object(Config\Cache), false)
22 SYSTEMPATH/Boot.php(325): CodeIgniter\CodeIgniter->run()
23 SYSTEMPATH/Boot.php(67): CodeIgniter\Boot::runCodeIgniter(Object(CodeIgniter\CodeIgniter))
24 FCPATH/index.php(56): CodeIgniter\Boot::bootWeb(Object(Config\Paths))
CRITICAL - 2024-08-17 02:46:33 --> ErrorException: fopen(/var/www/public_html/ci4/writable/session/ci_session459246d3e33f20631869aed11df90ed3ae2c3464): Failed to open stream: Permission denied
[Method: GET, Route: news/new]
in SYSTEMPATH/Session/Handlers/FileHandler.php on line 130.
 1 [internal function]: CodeIgniter\Debug\Exceptions->errorHandler(2, 'fopen(/var/www/public_html/ci4/writable/session/ci_session459246d3e33f20631869aed11df90ed3ae2c3464): Failed to open stream: Permission denied', '/var/www/public_html/ci4/system/Session/Handlers/FileHandler.php', 130)
 2 SYSTEMPATH/Session/Handlers/FileHandler.php(130): fopen('/var/www/public_html/ci4/writable/session/ci_session459246d3e33f20631869aed11df90ed3ae2c3464', 'c+b')
 3 [internal function]: CodeIgniter\Session\Handlers\FileHandler->read('459246d3e33f20631869aed11df90ed3ae2c3464')
 4 SYSTEMPATH/Session/Session.php(920): session_start()
 5 SYSTEMPATH/Session/Session.php(242): CodeIgniter\Session\Session->startSession()
 6 SYSTEMPATH/Config/Services.php(710): CodeIgniter\Session\Session->start()
 7 SYSTEMPATH/Config/BaseService.php(312): CodeIgniter\Config\Services::session(Object(Config\Session), false)
 8 SYSTEMPATH/Config/BaseService.php(251): CodeIgniter\Config\BaseService::__callStatic('session', [...])
 9 SYSTEMPATH/Config/Services.php(668): CodeIgniter\Config\BaseService::getSharedInstance('session', null)
10 SYSTEMPATH/Config/BaseService.php(321): CodeIgniter\Config\Services::session()
11 SYSTEMPATH/Config/BaseService.php(202): CodeIgniter\Config\BaseService::__callStatic('session', [])
12 SYSTEMPATH/Common.php(996): CodeIgniter\Config\BaseService::get('session')
13 SYSTEMPATH/Common.php(969): service('session')
14 APPPATH/Views/news/create.php(3): session()
15 SYSTEMPATH/View/View.php(234): include('/var/www/public_html/ci4/app/Views/news/create.php')
16 SYSTEMPATH/View/View.php(237): CodeIgniter\View\View->CodeIgniter\View\{closure}()
17 SYSTEMPATH/Common.php(1169): CodeIgniter\View\View->render('news/create', [], true)
18 APPPATH/Controllers/News.php(46): view('news/create')
19 SYSTEMPATH/CodeIgniter.php(933): App\Controllers\News->new()
20 SYSTEMPATH/CodeIgniter.php(509): CodeIgniter\CodeIgniter->runController(Object(App\Controllers\News))
21 SYSTEMPATH/CodeIgniter.php(355): CodeIgniter\CodeIgniter->handleRequest(null, Object(Config\Cache), false)
22 SYSTEMPATH/Boot.php(325): CodeIgniter\CodeIgniter->run()
23 SYSTEMPATH/Boot.php(67): CodeIgniter\Boot::runCodeIgniter(Object(CodeIgniter\CodeIgniter))
24 FCPATH/index.php(56): CodeIgniter\Boot::bootWeb(Object(Config\Paths))
CRITICAL - 2024-08-17 02:47:38 --> ErrorException: fopen(/var/www/public_html/ci4/writable/session/ci_session459246d3e33f20631869aed11df90ed3ae2c3464): Failed to open stream: Permission denied
[Method: GET, Route: news/new]
in SYSTEMPATH/Session/Handlers/FileHandler.php on line 130.
 1 [internal function]: CodeIgniter\Debug\Exceptions->errorHandler(2, 'fopen(/var/www/public_html/ci4/writable/session/ci_session459246d3e33f20631869aed11df90ed3ae2c3464): Failed to open stream: Permission denied', '/var/www/public_html/ci4/system/Session/Handlers/FileHandler.php', 130)
 2 SYSTEMPATH/Session/Handlers/FileHandler.php(130): fopen('/var/www/public_html/ci4/writable/session/ci_session459246d3e33f20631869aed11df90ed3ae2c3464', 'c+b')
 3 [internal function]: CodeIgniter\Session\Handlers\FileHandler->read('459246d3e33f20631869aed11df90ed3ae2c3464')
 4 SYSTEMPATH/Session/Session.php(920): session_start()
 5 SYSTEMPATH/Session/Session.php(242): CodeIgniter\Session\Session->startSession()
 6 SYSTEMPATH/Config/Services.php(710): CodeIgniter\Session\Session->start()
 7 SYSTEMPATH/Config/BaseService.php(312): CodeIgniter\Config\Services::session(Object(Config\Session), false)
 8 SYSTEMPATH/Config/BaseService.php(251): CodeIgniter\Config\BaseService::__callStatic('session', [...])
 9 SYSTEMPATH/Config/Services.php(668): CodeIgniter\Config\BaseService::getSharedInstance('session', null)
10 SYSTEMPATH/Config/BaseService.php(321): CodeIgniter\Config\Services::session()
11 SYSTEMPATH/Config/BaseService.php(202): CodeIgniter\Config\BaseService::__callStatic('session', [])
12 SYSTEMPATH/Common.php(996): CodeIgniter\Config\BaseService::get('session')
13 SYSTEMPATH/Common.php(969): service('session')
14 APPPATH/Views/news/create.php(3): session()
15 SYSTEMPATH/View/View.php(234): include('/var/www/public_html/ci4/app/Views/news/create.php')
16 SYSTEMPATH/View/View.php(237): CodeIgniter\View\View->CodeIgniter\View\{closure}()
17 SYSTEMPATH/Common.php(1169): CodeIgniter\View\View->render('news/create', [], true)
18 APPPATH/Controllers/News.php(46): view('news/create')
19 SYSTEMPATH/CodeIgniter.php(933): App\Controllers\News->new()
20 SYSTEMPATH/CodeIgniter.php(509): CodeIgniter\CodeIgniter->runController(Object(App\Controllers\News))
21 SYSTEMPATH/CodeIgniter.php(355): CodeIgniter\CodeIgniter->handleRequest(null, Object(Config\Cache), false)
22 SYSTEMPATH/Boot.php(325): CodeIgniter\CodeIgniter->run()
23 SYSTEMPATH/Boot.php(67): CodeIgniter\Boot::runCodeIgniter(Object(CodeIgniter\CodeIgniter))
24 FCPATH/index.php(56): CodeIgniter\Boot::bootWeb(Object(Config\Paths))
CRITICAL - 2024-08-17 02:47:39 --> ErrorException: fopen(/var/www/public_html/ci4/writable/session/ci_session459246d3e33f20631869aed11df90ed3ae2c3464): Failed to open stream: Permission denied
[Method: GET, Route: news/new]
in SYSTEMPATH/Session/Handlers/FileHandler.php on line 130.
 1 [internal function]: CodeIgniter\Debug\Exceptions->errorHandler(2, 'fopen(/var/www/public_html/ci4/writable/session/ci_session459246d3e33f20631869aed11df90ed3ae2c3464): Failed to open stream: Permission denied', '/var/www/public_html/ci4/system/Session/Handlers/FileHandler.php', 130)
 2 SYSTEMPATH/Session/Handlers/FileHandler.php(130): fopen('/var/www/public_html/ci4/writable/session/ci_session459246d3e33f20631869aed11df90ed3ae2c3464', 'c+b')
 3 [internal function]: CodeIgniter\Session\Handlers\FileHandler->read('459246d3e33f20631869aed11df90ed3ae2c3464')
 4 SYSTEMPATH/Session/Session.php(920): session_start()
 5 SYSTEMPATH/Session/Session.php(242): CodeIgniter\Session\Session->startSession()
 6 SYSTEMPATH/Config/Services.php(710): CodeIgniter\Session\Session->start()
 7 SYSTEMPATH/Config/BaseService.php(312): CodeIgniter\Config\Services::session(Object(Config\Session), false)
 8 SYSTEMPATH/Config/BaseService.php(251): CodeIgniter\Config\BaseService::__callStatic('session', [...])
 9 SYSTEMPATH/Config/Services.php(668): CodeIgniter\Config\BaseService::getSharedInstance('session', null)
10 SYSTEMPATH/Config/BaseService.php(321): CodeIgniter\Config\Services::session()
11 SYSTEMPATH/Config/BaseService.php(202): CodeIgniter\Config\BaseService::__callStatic('session', [])
12 SYSTEMPATH/Common.php(996): CodeIgniter\Config\BaseService::get('session')
13 SYSTEMPATH/Common.php(969): service('session')
14 APPPATH/Views/news/create.php(3): session()
15 SYSTEMPATH/View/View.php(234): include('/var/www/public_html/ci4/app/Views/news/create.php')
16 SYSTEMPATH/View/View.php(237): CodeIgniter\View\View->CodeIgniter\View\{closure}()
17 SYSTEMPATH/Common.php(1169): CodeIgniter\View\View->render('news/create', [], true)
18 APPPATH/Controllers/News.php(46): view('news/create')
19 SYSTEMPATH/CodeIgniter.php(933): App\Controllers\News->new()
20 SYSTEMPATH/CodeIgniter.php(509): CodeIgniter\CodeIgniter->runController(Object(App\Controllers\News))
21 SYSTEMPATH/CodeIgniter.php(355): CodeIgniter\CodeIgniter->handleRequest(null, Object(Config\Cache), false)
22 SYSTEMPATH/Boot.php(325): CodeIgniter\CodeIgniter->run()
23 SYSTEMPATH/Boot.php(67): CodeIgniter\Boot::runCodeIgniter(Object(CodeIgniter\CodeIgniter))
24 FCPATH/index.php(56): CodeIgniter\Boot::bootWeb(Object(Config\Paths))
